
*** Running vivado
    with args -log vga_top.vds -m64 -product Vivado -mode batch -messageDb vivado.pb -notrace -source vga_top.tcl



****** Vivado v2021.2 (64-bit)
  **** SW Build 3367213 on Tue Oct 19 02:48:09 MDT 2021
  **** IP Build 3369179 on Thu Oct 21 08:25:16 MDT 2021
    ** Copyright 1986-2021 Xilinx, Inc. All Rights Reserved.

source vga_top.tcl -notrace
create_project: Time (s): cpu = 00:00:07 ; elapsed = 00:00:06 . Memory (MB): peak = 1260.969 ; gain = 24.875
Command: read_checkpoint -auto_incremental -incremental C:/Users/joeyp/vivado_projects/vgaball/vgaball.srcs/utils_1/imports/synth_1/vga_top.dcp
INFO: [Vivado 12-5825] Read reference checkpoint from C:/Users/joeyp/vivado_projects/vgaball/vgaball.srcs/utils_1/imports/synth_1/vga_top.dcp for incremental synthesis
INFO: [Vivado 12-7989] Please ensure there are no constraint changes
Command: synth_design -top vga_top -part xc7a50ticsg324-1L
Starting synth_design
Attempting to get a license for feature 'Synthesis' and/or device 'xc7a50ti'
INFO: [Common 17-349] Got license for feature 'Synthesis' and/or device 'xc7a50ti'
INFO: [Device 21-403] Loading part xc7a50ticsg324-1L
WARNING: [Designutils 20-4072] Reference run did not run incremental synthesis because the design is too small; reverting to default synthesis
INFO: [Designutils 20-4379] Flow is switching to default flow due to incremental criteria not met. If you would like to alter this behaviour and have the flow terminate instead, please set the following parameter config_implementation {autoIncr.Synth.RejectBehavior Terminate}
INFO: [Synth 8-7079] Multithreading enabled for synth_design using a maximum of 2 processes.
INFO: [Synth 8-7078] Launching helper process for spawning children vivado processes
INFO: [Synth 8-7075] Helper process launched with PID 14504
---------------------------------------------------------------------------------
Starting RTL Elaboration : Time (s): cpu = 00:00:10 ; elapsed = 00:00:10 . Memory (MB): peak = 1260.969 ; gain = 0.000
---------------------------------------------------------------------------------
INFO: [Synth 8-638] synthesizing module 'vga_top' [C:/Users/joeyp/vivado_projects/vgaball/vgaball.srcs/sources_1/new/vga_top.vhd:16]
INFO: [Synth 8-3491] module 'ball' declared at 'C:/Users/joeyp/vivado_projects/vgaball/vgaball.srcs/sources_1/new/ball.vhd:6' bound to instance 'add_ball' of component 'ball' [C:/Users/joeyp/vivado_projects/vgaball/vgaball.srcs/sources_1/new/vga_top.vhd:63]
INFO: [Synth 8-638] synthesizing module 'ball' [C:/Users/joeyp/vivado_projects/vgaball/vgaball.srcs/sources_1/new/ball.vhd:17]
INFO: [Synth 8-256] done synthesizing module 'ball' (1#1) [C:/Users/joeyp/vivado_projects/vgaball/vgaball.srcs/sources_1/new/ball.vhd:17]
INFO: [Synth 8-3491] module 'vga_sync' declared at 'C:/Users/joeyp/vivado_projects/vgaball/vgaball.srcs/sources_1/new/vga_sync.vhd:5' bound to instance 'vga_driver' of component 'vga_sync' [C:/Users/joeyp/vivado_projects/vgaball/vgaball.srcs/sources_1/new/vga_top.vhd:74]
INFO: [Synth 8-638] synthesizing module 'vga_sync' [C:/Users/joeyp/vivado_projects/vgaball/vgaball.srcs/sources_1/new/vga_sync.vhd:21]
WARNING: [Synth 8-6014] Unused sequential element sync_pr.video_on_reg was removed.  [C:/Users/joeyp/vivado_projects/vgaball/vgaball.srcs/sources_1/new/vga_sync.vhd:66]
INFO: [Synth 8-256] done synthesizing module 'vga_sync' (2#1) [C:/Users/joeyp/vivado_projects/vgaball/vgaball.srcs/sources_1/new/vga_sync.vhd:21]
INFO: [Synth 8-3491] module 'clk_wiz_0' declared at 'C:/Users/joeyp/vivado_projects/vgaball/vgaball.srcs/sources_1/new/clk_wiz_0.vhd:74' bound to instance 'clk_wiz_0_inst' of component 'clk_wiz_0' [C:/Users/joeyp/vivado_projects/vgaball/vgaball.srcs/sources_1/new/vga_top.vhd:91]
INFO: [Synth 8-638] synthesizing module 'clk_wiz_0' [C:/Users/joeyp/vivado_projects/vgaball/vgaball.srcs/sources_1/new/clk_wiz_0.vhd:83]
INFO: [Synth 8-3491] module 'clk_wiz_0_clk_wiz' declared at 'C:/Users/joeyp/vivado_projects/vgaball/vgaball.srcs/sources_1/new/clk_wiz_0_clk_wiz.vhd:63' bound to instance 'U0' of component 'clk_wiz_0_clk_wiz' [C:/Users/joeyp/vivado_projects/vgaball/vgaball.srcs/sources_1/new/clk_wiz_0.vhd:98]
INFO: [Synth 8-638] synthesizing module 'clk_wiz_0_clk_wiz' [C:/Users/joeyp/vivado_projects/vgaball/vgaball.srcs/sources_1/new/clk_wiz_0_clk_wiz.vhd:72]
	Parameter BANDWIDTH bound to: OPTIMIZED - type: string 
	Parameter CLKFBOUT_MULT_F bound to: 10.125000 - type: double 
	Parameter CLKFBOUT_PHASE bound to: 0.000000 - type: double 
	Parameter CLKFBOUT_USE_FINE_PS bound to: 0 - type: bool 
	Parameter CLKIN1_PERIOD bound to: 10.000000 - type: double 
	Parameter CLKOUT0_DIVIDE_F bound to: 25.250000 - type: double 
	Parameter CLKOUT0_DUTY_CYCLE bound to: 0.500000 - type: double 
	Parameter CLKOUT0_PHASE bound to: 0.000000 - type: double 
	Parameter CLKOUT0_USE_FINE_PS bound to: 0 - type: bool 
	Parameter CLKOUT4_CASCADE bound to: 0 - type: bool 
	Parameter COMPENSATION bound to: ZHOLD - type: string 
	Parameter DIVCLK_DIVIDE bound to: 1 - type: integer 
	Parameter REF_JITTER1 bound to: 0.010000 - type: double 
	Parameter STARTUP_WAIT bound to: 0 - type: bool 
INFO: [Synth 8-113] binding component instance 'mmcm_adv_inst' to cell 'MMCME2_ADV' [C:/Users/joeyp/vivado_projects/vgaball/vgaball.srcs/sources_1/new/clk_wiz_0_clk_wiz.vhd:114]
INFO: [Synth 8-113] binding component instance 'clkf_buf' to cell 'BUFG' [C:/Users/joeyp/vivado_projects/vgaball/vgaball.srcs/sources_1/new/clk_wiz_0_clk_wiz.vhd:176]
INFO: [Synth 8-113] binding component instance 'clkout1_buf' to cell 'BUFG' [C:/Users/joeyp/vivado_projects/vgaball/vgaball.srcs/sources_1/new/clk_wiz_0_clk_wiz.vhd:183]
INFO: [Synth 8-256] done synthesizing module 'clk_wiz_0_clk_wiz' (3#1) [C:/Users/joeyp/vivado_projects/vgaball/vgaball.srcs/sources_1/new/clk_wiz_0_clk_wiz.vhd:72]
INFO: [Synth 8-256] done synthesizing module 'clk_wiz_0' (4#1) [C:/Users/joeyp/vivado_projects/vgaball/vgaball.srcs/sources_1/new/clk_wiz_0.vhd:83]
INFO: [Synth 8-256] done synthesizing module 'vga_top' (5#1) [C:/Users/joeyp/vivado_projects/vgaball/vgaball.srcs/sources_1/new/vga_top.vhd:16]
WARNING: [Synth 8-3917] design vga_top has port vga_red[1] driven by constant 0
WARNING: [Synth 8-3917] design vga_top has port vga_red[0] driven by constant 0
WARNING: [Synth 8-3917] design vga_top has port vga_green[1] driven by constant 0
WARNING: [Synth 8-3917] design vga_top has port vga_green[0] driven by constant 0
WARNING: [Synth 8-3917] design vga_top has port vga_blue[0] driven by constant 0
---------------------------------------------------------------------------------
Finished RTL Elaboration : Time (s): cpu = 00:00:12 ; elapsed = 00:00:13 . Memory (MB): peak = 1260.969 ; gain = 0.000
---------------------------------------------------------------------------------
---------------------------------------------------------------------------------
Start Handling Custom Attributes
---------------------------------------------------------------------------------
---------------------------------------------------------------------------------
Finished Handling Custom Attributes : Time (s): cpu = 00:00:14 ; elapsed = 00:00:14 . Memory (MB): peak = 1260.969 ; gain = 0.000
---------------------------------------------------------------------------------
---------------------------------------------------------------------------------
Finished RTL Optimization Phase 1 : Time (s): cpu = 00:00:14 ; elapsed = 00:00:14 . Memory (MB): peak = 1260.969 ; gain = 0.000
---------------------------------------------------------------------------------
Netlist sorting complete. Time (s): cpu = 00:00:00 ; elapsed = 00:00:00.006 . Memory (MB): peak = 1260.969 ; gain = 0.000
INFO: [Netlist 29-17] Analyzing 1 Unisim elements for replacement
INFO: [Netlist 29-28] Unisim Transformation completed in 0 CPU seconds
INFO: [Project 1-570] Preparing netlist for logic optimization

Processing XDC Constraints
Initializing timing engine
Parsing XDC File [C:/Users/joeyp/vivado_projects/vgaball/vgaball.srcs/constrs_1/new/vga_top.xdc]
Finished Parsing XDC File [C:/Users/joeyp/vivado_projects/vgaball/vgaball.srcs/constrs_1/new/vga_top.xdc]
INFO: [Project 1-236] Implementation specific constraints were found while reading constraint file [C:/Users/joeyp/vivado_projects/vgaball/vgaball.srcs/constrs_1/new/vga_top.xdc]. These constraints will be ignored for synthesis but will be used in implementation. Impacted constraints are listed in the file [.Xil/vga_top_propImpl.xdc].
Resolution: To avoid this warning, move constraints listed in [.Xil/vga_top_propImpl.xdc] to another XDC file and exclude this new file from synthesis with the used_in_synthesis property (File Properties dialog in GUI) and re-run elaboration/synthesis.
INFO: [Timing 38-2] Deriving generated clocks
Completed Processing XDC Constraints

Netlist sorting complete. Time (s): cpu = 00:00:00 ; elapsed = 00:00:00 . Memory (MB): peak = 1260.969 ; gain = 0.000
INFO: [Project 1-111] Unisim Transformation Summary:
No Unisim elements were transformed.

Constraint Validation Runtime : Time (s): cpu = 00:00:00 ; elapsed = 00:00:00.006 . Memory (MB): peak = 1260.969 ; gain = 0.000
WARNING: [Designutils 20-4072] Reference run did not run incremental synthesis because the design is too small; reverting to default synthesis
INFO: [Designutils 20-4379] Flow is switching to default flow due to incremental criteria not met. If you would like to alter this behaviour and have the flow terminate instead, please set the following parameter config_implementation {autoIncr.Synth.RejectBehavior Terminate}
---------------------------------------------------------------------------------
Finished Constraint Validation : Time (s): cpu = 00:00:27 ; elapsed = 00:00:28 . Memory (MB): peak = 1260.969 ; gain = 0.000
---------------------------------------------------------------------------------
---------------------------------------------------------------------------------
Start Loading Part and Timing Information
---------------------------------------------------------------------------------
Loading part: xc7a50ticsg324-1L
---------------------------------------------------------------------------------
Finished Loading Part and Timing Information : Time (s): cpu = 00:00:27 ; elapsed = 00:00:28 . Memory (MB): peak = 1260.969 ; gain = 0.000
---------------------------------------------------------------------------------
---------------------------------------------------------------------------------
Start Applying 'set_property' XDC Constraints
---------------------------------------------------------------------------------
---------------------------------------------------------------------------------
Finished applying 'set_property' XDC Constraints : Time (s): cpu = 00:00:27 ; elapsed = 00:00:28 . Memory (MB): peak = 1260.969 ; gain = 0.000
---------------------------------------------------------------------------------
---------------------------------------------------------------------------------
Finished RTL Optimization Phase 2 : Time (s): cpu = 00:00:27 ; elapsed = 00:00:28 . Memory (MB): peak = 1260.969 ; gain = 0.000
---------------------------------------------------------------------------------
---------------------------------------------------------------------------------
Start RTL Component Statistics 
---------------------------------------------------------------------------------
Detailed RTL Component Info : 
+---Adders : 
	   2 Input   11 Bit       Adders := 5     
+---Registers : 
	               11 Bit    Registers := 6     
	                1 Bit    Registers := 5     
+---Muxes : 
	   2 Input   11 Bit        Muxes := 1     
	   2 Input    3 Bit        Muxes := 1     
---------------------------------------------------------------------------------
Finished RTL Component Statistics 
---------------------------------------------------------------------------------
---------------------------------------------------------------------------------
Start Part Resource Summary
---------------------------------------------------------------------------------
Part Resources:
DSPs: 120 (col length:60)
BRAMs: 150 (col length: RAMB18 60 RAMB36 30)
---------------------------------------------------------------------------------
Finished Part Resource Summary
---------------------------------------------------------------------------------
---------------------------------------------------------------------------------
Start Cross Boundary and Area Optimization
---------------------------------------------------------------------------------
WARNING: [Synth 8-7080] Parallel synthesis criteria is not met
WARNING: [Synth 8-3917] design vga_top has port vga_red[1] driven by constant 0
WARNING: [Synth 8-3917] design vga_top has port vga_red[0] driven by constant 0
WARNING: [Synth 8-3917] design vga_top has port vga_green[1] driven by constant 0
WARNING: [Synth 8-3917] design vga_top has port vga_green[0] driven by constant 0
WARNING: [Synth 8-3917] design vga_top has port vga_blue[0] driven by constant 0
---------------------------------------------------------------------------------
Finished Cross Boundary and Area Optimization : Time (s): cpu = 00:00:31 ; elapsed = 00:00:32 . Memory (MB): peak = 1260.969 ; gain = 0.000
---------------------------------------------------------------------------------
---------------------------------------------------------------------------------
Start Applying XDC Timing Constraints
---------------------------------------------------------------------------------
---------------------------------------------------------------------------------
Finished Applying XDC Timing Constraints : Time (s): cpu = 00:00:44 ; elapsed = 00:00:45 . Memory (MB): peak = 1260.969 ; gain = 0.000
---------------------------------------------------------------------------------
---------------------------------------------------------------------------------
Start Timing Optimization
---------------------------------------------------------------------------------
---------------------------------------------------------------------------------
Finished Timing Optimization : Time (s): cpu = 00:00:44 ; elapsed = 00:00:46 . Memory (MB): peak = 1260.969 ; gain = 0.000
---------------------------------------------------------------------------------
---------------------------------------------------------------------------------
Start Technology Mapping
---------------------------------------------------------------------------------
---------------------------------------------------------------------------------
Finished Technology Mapping : Time (s): cpu = 00:00:44 ; elapsed = 00:00:46 . Memory (MB): peak = 1260.969 ; gain = 0.000
---------------------------------------------------------------------------------
---------------------------------------------------------------------------------
Start IO Insertion
---------------------------------------------------------------------------------
---------------------------------------------------------------------------------
Start Flattening Before IO Insertion
---------------------------------------------------------------------------------
---------------------------------------------------------------------------------
Finished Flattening Before IO Insertion
---------------------------------------------------------------------------------
---------------------------------------------------------------------------------
Start Final Netlist Cleanup
---------------------------------------------------------------------------------
---------------------------------------------------------------------------------
Finished Final Netlist Cleanup
---------------------------------------------------------------------------------
---------------------------------------------------------------------------------
Finished IO Insertion : Time (s): cpu = 00:00:54 ; elapsed = 00:00:56 . Memory (MB): peak = 1260.969 ; gain = 0.000
---------------------------------------------------------------------------------
---------------------------------------------------------------------------------
Start Renaming Generated Instances
---------------------------------------------------------------------------------
---------------------------------------------------------------------------------
Finished Renaming Generated Instances : Time (s): cpu = 00:00:54 ; elapsed = 00:00:56 . Memory (MB): peak = 1260.969 ; gain = 0.000
---------------------------------------------------------------------------------
---------------------------------------------------------------------------------
Start Rebuilding User Hierarchy
---------------------------------------------------------------------------------
---------------------------------------------------------------------------------
Finished Rebuilding User Hierarchy : Time (s): cpu = 00:00:54 ; elapsed = 00:00:56 . Memory (MB): peak = 1260.969 ; gain = 0.000
---------------------------------------------------------------------------------
---------------------------------------------------------------------------------
Start Renaming Generated Ports
---------------------------------------------------------------------------------
---------------------------------------------------------------------------------
Finished Renaming Generated Ports : Time (s): cpu = 00:00:54 ; elapsed = 00:00:56 . Memory (MB): peak = 1260.969 ; gain = 0.000
---------------------------------------------------------------------------------
---------------------------------------------------------------------------------
Start Handling Custom Attributes
---------------------------------------------------------------------------------
---------------------------------------------------------------------------------
Finished Handling Custom Attributes : Time (s): cpu = 00:00:54 ; elapsed = 00:00:56 . Memory (MB): peak = 1260.969 ; gain = 0.000
---------------------------------------------------------------------------------
---------------------------------------------------------------------------------
Start Renaming Generated Nets
---------------------------------------------------------------------------------
---------------------------------------------------------------------------------
Finished Renaming Generated Nets : Time (s): cpu = 00:00:54 ; elapsed = 00:00:56 . Memory (MB): peak = 1260.969 ; gain = 0.000
---------------------------------------------------------------------------------
---------------------------------------------------------------------------------
Start Writing Synthesis Report
---------------------------------------------------------------------------------

Report BlackBoxes: 
+-+--------------+----------+
| |BlackBox name |Instances |
+-+--------------+----------+
+-+--------------+----------+

Report Cell Usage: 
+------+-----------+------+
|      |Cell       |Count |
+------+-----------+------+
|1     |BUFG       |     2|
|2     |CARRY4     |     6|
|3     |LUT1       |     2|
|4     |LUT2       |    17|
|5     |LUT3       |     8|
|6     |LUT4       |    13|
|7     |LUT5       |    27|
|8     |LUT6       |    21|
|9     |MMCME2_ADV |     1|
|10    |FDRE       |    58|
|11    |IBUF       |     1|
|12    |OBUF       |    10|
+------+-----------+------+
---------------------------------------------------------------------------------
Finished Writing Synthesis Report : Time (s): cpu = 00:00:54 ; elapsed = 00:00:56 . Memory (MB): peak = 1260.969 ; gain = 0.000
---------------------------------------------------------------------------------
Synthesis finished with 0 errors, 0 critical warnings and 6 warnings.
Synthesis Optimization Runtime : Time (s): cpu = 00:00:37 ; elapsed = 00:00:52 . Memory (MB): peak = 1260.969 ; gain = 0.000
Synthesis Optimization Complete : Time (s): cpu = 00:00:54 ; elapsed = 00:00:56 . Memory (MB): peak = 1260.969 ; gain = 0.000
INFO: [Project 1-571] Translating synthesized netlist
Netlist sorting complete. Time (s): cpu = 00:00:00 ; elapsed = 00:00:00.003 . Memory (MB): peak = 1260.969 ; gain = 0.000
INFO: [Netlist 29-17] Analyzing 7 Unisim elements for replacement
INFO: [Netlist 29-28] Unisim Transformation completed in 0 CPU seconds
INFO: [Project 1-570] Preparing netlist for logic optimization
INFO: [Opt 31-138] Pushed 0 inverter(s) to 0 load pin(s).
Netlist sorting complete. Time (s): cpu = 00:00:00 ; elapsed = 00:00:00 . Memory (MB): peak = 1260.969 ; gain = 0.000
INFO: [Project 1-111] Unisim Transformation Summary:
No Unisim elements were transformed.

Synth Design complete, checksum: 98b97cf8
INFO: [Common 17-83] Releasing license: Synthesis
39 Infos, 14 Warnings, 0 Critical Warnings and 0 Errors encountered.
synth_design completed successfully
synth_design: Time (s): cpu = 00:01:01 ; elapsed = 00:01:05 . Memory (MB): peak = 1260.969 ; gain = 0.000
INFO: [Common 17-1381] The checkpoint 'C:/Users/joeyp/vivado_projects/vgaball/vgaball.runs/synth_1/vga_top.dcp' has been generated.
INFO: [runtcl-4] Executing : report_utilization -file vga_top_utilization_synth.rpt -pb vga_top_utilization_synth.pb
INFO: [Common 17-206] Exiting Vivado at Tue Apr 19 13:07:43 2022...
