
*** Running vivado
    with args -log pong.vds -m64 -product Vivado -mode batch -messageDb vivado.pb -notrace -source pong.tcl



****** Vivado v2021.2 (64-bit)
  **** SW Build 3367213 on Tue Oct 19 02:48:09 MDT 2021
  **** IP Build 3369179 on Thu Oct 21 08:25:16 MDT 2021
    ** Copyright 1986-2021 Xilinx, Inc. All Rights Reserved.

source pong.tcl -notrace
create_project: Time (s): cpu = 00:00:14 ; elapsed = 00:00:17 . Memory (MB): peak = 1191.086 ; gain = 0.000
Command: synth_design -top pong -part xc7a50ticsg324-1L
Starting synth_design
Attempting to get a license for feature 'Synthesis' and/or device 'xc7a50ti'
INFO: [Common 17-349] Got license for feature 'Synthesis' and/or device 'xc7a50ti'
INFO: [Device 21-403] Loading part xc7a50ticsg324-1L
INFO: [Synth 8-7079] Multithreading enabled for synth_design using a maximum of 2 processes.
INFO: [Synth 8-7078] Launching helper process for spawning children vivado processes
INFO: [Synth 8-7075] Helper process launched with PID 27796
---------------------------------------------------------------------------------
Starting RTL Elaboration : Time (s): cpu = 00:00:26 ; elapsed = 00:00:42 . Memory (MB): peak = 1191.086 ; gain = 0.000
---------------------------------------------------------------------------------
WARNING: [Synth 8-1565] actual for formal port red_in is neither a static name nor a globally static expression [C:/Users/joeyp/vivado_projects/pong_1/pong_1.srcs/sources_1/new/pong_1.vhd:132]
WARNING: [Synth 8-1565] actual for formal port green_in is neither a static name nor a globally static expression [C:/Users/joeyp/vivado_projects/pong_1/pong_1.srcs/sources_1/new/pong_1.vhd:133]
WARNING: [Synth 8-1565] actual for formal port blue_in is neither a static name nor a globally static expression [C:/Users/joeyp/vivado_projects/pong_1/pong_1.srcs/sources_1/new/pong_1.vhd:134]
INFO: [Synth 8-638] synthesizing module 'pong' [C:/Users/joeyp/vivado_projects/pong_1/pong_1.srcs/sources_1/new/pong_1.vhd:25]
INFO: [Synth 8-3491] module 'adc_if' declared at 'C:/Users/joeyp/vivado_projects/pong_1/pong_1.srcs/sources_1/new/adc_if.vhd:5' bound to instance 'adc' of component 'adc_if' [C:/Users/joeyp/vivado_projects/pong_1/pong_1.srcs/sources_1/new/pong_1.vhd:107]
INFO: [Synth 8-638] synthesizing module 'adc_if' [C:/Users/joeyp/vivado_projects/pong_1/pong_1.srcs/sources_1/new/adc_if.vhd:15]
INFO: [Synth 8-256] done synthesizing module 'adc_if' (1#1) [C:/Users/joeyp/vivado_projects/pong_1/pong_1.srcs/sources_1/new/adc_if.vhd:15]
INFO: [Synth 8-3491] module 'bat_n_ball' declared at 'C:/Users/joeyp/vivado_projects/pong_1/pong_1.srcs/sources_1/new/bat_n_ball_1.vhd:6' bound to instance 'add_bb' of component 'bat_n_ball' [C:/Users/joeyp/vivado_projects/pong_1/pong_1.srcs/sources_1/new/pong_1.vhd:116]
INFO: [Synth 8-638] synthesizing module 'bat_n_ball' [C:/Users/joeyp/vivado_projects/pong_1/pong_1.srcs/sources_1/new/bat_n_ball_1.vhd:21]
WARNING: [Synth 8-614] signal 'game_on' is read in the process but is not in the sensitivity list [C:/Users/joeyp/vivado_projects/pong_1/pong_1.srcs/sources_1/new/bat_n_ball_1.vhd:45]
WARNING: [Synth 8-614] signal 'bat_w' is read in the process but is not in the sensitivity list [C:/Users/joeyp/vivado_projects/pong_1/pong_1.srcs/sources_1/new/bat_n_ball_1.vhd:66]
WARNING: [Synth 8-6014] Unused sequential element mball.temp_reg was removed.  [C:/Users/joeyp/vivado_projects/pong_1/pong_1.srcs/sources_1/new/bat_n_ball_1.vhd:119]
INFO: [Synth 8-256] done synthesizing module 'bat_n_ball' (2#1) [C:/Users/joeyp/vivado_projects/pong_1/pong_1.srcs/sources_1/new/bat_n_ball_1.vhd:21]
INFO: [Synth 8-3491] module 'vga_sync' declared at 'C:/Users/joeyp/vivado_projects/pong_1/pong_1.srcs/sources_1/new/vga_sync.vhd:5' bound to instance 'vga_driver' of component 'vga_sync' [C:/Users/joeyp/vivado_projects/pong_1/pong_1.srcs/sources_1/new/pong_1.vhd:129]
INFO: [Synth 8-638] synthesizing module 'vga_sync' [C:/Users/joeyp/vivado_projects/pong_1/pong_1.srcs/sources_1/new/vga_sync.vhd:21]
WARNING: [Synth 8-6014] Unused sequential element sync_pr.video_on_reg was removed.  [C:/Users/joeyp/vivado_projects/pong_1/pong_1.srcs/sources_1/new/vga_sync.vhd:66]
INFO: [Synth 8-256] done synthesizing module 'vga_sync' (3#1) [C:/Users/joeyp/vivado_projects/pong_1/pong_1.srcs/sources_1/new/vga_sync.vhd:21]
INFO: [Synth 8-3491] module 'clk_wiz_0' declared at 'C:/Users/joeyp/vivado_projects/pong_1/pong_1.srcs/sources_1/new/clk_wiz_0.vhd:74' bound to instance 'clk_wiz_0_inst' of component 'clk_wiz_0' [C:/Users/joeyp/vivado_projects/pong_1/pong_1.srcs/sources_1/new/pong_1.vhd:145]
INFO: [Synth 8-638] synthesizing module 'clk_wiz_0' [C:/Users/joeyp/vivado_projects/pong_1/pong_1.srcs/sources_1/new/clk_wiz_0.vhd:83]
INFO: [Synth 8-3491] module 'clk_wiz_0_clk_wiz' declared at 'C:/Users/joeyp/vivado_projects/pong_1/pong_1.srcs/sources_1/new/clk_wiz_0_clk_wiz.vhd:63' bound to instance 'U0' of component 'clk_wiz_0_clk_wiz' [C:/Users/joeyp/vivado_projects/pong_1/pong_1.srcs/sources_1/new/clk_wiz_0.vhd:98]
INFO: [Synth 8-638] synthesizing module 'clk_wiz_0_clk_wiz' [C:/Users/joeyp/vivado_projects/pong_1/pong_1.srcs/sources_1/new/clk_wiz_0_clk_wiz.vhd:72]
	Parameter BANDWIDTH bound to: OPTIMIZED - type: string 
	Parameter CLKFBOUT_MULT_F bound to: 10.125000 - type: double 
	Parameter CLKFBOUT_PHASE bound to: 0.000000 - type: double 
	Parameter CLKFBOUT_USE_FINE_PS bound to: 0 - type: bool 
	Parameter CLKIN1_PERIOD bound to: 10.000000 - type: double 
	Parameter CLKOUT0_DIVIDE_F bound to: 25.250000 - type: double 
	Parameter CLKOUT0_DUTY_CYCLE bound to: 0.500000 - type: double 
	Parameter CLKOUT0_PHASE bound to: 0.000000 - type: double 
	Parameter CLKOUT0_USE_FINE_PS bound to: 0 - type: bool 
	Parameter CLKOUT4_CASCADE bound to: 0 - type: bool 
	Parameter COMPENSATION bound to: ZHOLD - type: string 
	Parameter DIVCLK_DIVIDE bound to: 1 - type: integer 
	Parameter REF_JITTER1 bound to: 0.010000 - type: double 
	Parameter STARTUP_WAIT bound to: 0 - type: bool 
INFO: [Synth 8-113] binding component instance 'mmcm_adv_inst' to cell 'MMCME2_ADV' [C:/Users/joeyp/vivado_projects/pong_1/pong_1.srcs/sources_1/new/clk_wiz_0_clk_wiz.vhd:114]
INFO: [Synth 8-113] binding component instance 'clkf_buf' to cell 'BUFG' [C:/Users/joeyp/vivado_projects/pong_1/pong_1.srcs/sources_1/new/clk_wiz_0_clk_wiz.vhd:176]
INFO: [Synth 8-113] binding component instance 'clkout1_buf' to cell 'BUFG' [C:/Users/joeyp/vivado_projects/pong_1/pong_1.srcs/sources_1/new/clk_wiz_0_clk_wiz.vhd:183]
INFO: [Synth 8-256] done synthesizing module 'clk_wiz_0_clk_wiz' (4#1) [C:/Users/joeyp/vivado_projects/pong_1/pong_1.srcs/sources_1/new/clk_wiz_0_clk_wiz.vhd:72]
INFO: [Synth 8-256] done synthesizing module 'clk_wiz_0' (5#1) [C:/Users/joeyp/vivado_projects/pong_1/pong_1.srcs/sources_1/new/clk_wiz_0.vhd:83]
INFO: [Synth 8-3491] module 'leddec16' declared at 'C:/Users/joeyp/vivado_projects/pong_1/pong_1.srcs/sources_1/new/leddec16.vhd:4' bound to instance 'led1' of component 'leddec16' [C:/Users/joeyp/vivado_projects/pong_1/pong_1.srcs/sources_1/new/pong_1.vhd:150]
INFO: [Synth 8-638] synthesizing module 'leddec16' [C:/Users/joeyp/vivado_projects/pong_1/pong_1.srcs/sources_1/new/leddec16.vhd:12]
INFO: [Synth 8-256] done synthesizing module 'leddec16' (6#1) [C:/Users/joeyp/vivado_projects/pong_1/pong_1.srcs/sources_1/new/leddec16.vhd:12]
WARNING: [Synth 8-3848] Net cnt in module/entity pong does not have driver. [C:/Users/joeyp/vivado_projects/pong_1/pong_1.srcs/sources_1/new/pong_1.vhd:37]
INFO: [Synth 8-256] done synthesizing module 'pong' (7#1) [C:/Users/joeyp/vivado_projects/pong_1/pong_1.srcs/sources_1/new/pong_1.vhd:25]
---------------------------------------------------------------------------------
Finished RTL Elaboration : Time (s): cpu = 00:00:32 ; elapsed = 00:00:48 . Memory (MB): peak = 1191.086 ; gain = 0.000
---------------------------------------------------------------------------------
---------------------------------------------------------------------------------
Start Handling Custom Attributes
---------------------------------------------------------------------------------
---------------------------------------------------------------------------------
Finished Handling Custom Attributes : Time (s): cpu = 00:00:35 ; elapsed = 00:00:51 . Memory (MB): peak = 1191.086 ; gain = 0.000
---------------------------------------------------------------------------------
---------------------------------------------------------------------------------
Finished RTL Optimization Phase 1 : Time (s): cpu = 00:00:35 ; elapsed = 00:00:51 . Memory (MB): peak = 1191.086 ; gain = 0.000
---------------------------------------------------------------------------------
Netlist sorting complete. Time (s): cpu = 00:00:00 ; elapsed = 00:00:00.033 . Memory (MB): peak = 1191.086 ; gain = 0.000
INFO: [Netlist 29-17] Analyzing 1 Unisim elements for replacement
INFO: [Netlist 29-28] Unisim Transformation completed in 0 CPU seconds
INFO: [Project 1-570] Preparing netlist for logic optimization

Processing XDC Constraints
Initializing timing engine
Parsing XDC File [C:/Users/joeyp/vivado_projects/pong_1/pong_1.srcs/constrs_1/new/pong_1.xdc]
Finished Parsing XDC File [C:/Users/joeyp/vivado_projects/pong_1/pong_1.srcs/constrs_1/new/pong_1.xdc]
INFO: [Project 1-236] Implementation specific constraints were found while reading constraint file [C:/Users/joeyp/vivado_projects/pong_1/pong_1.srcs/constrs_1/new/pong_1.xdc]. These constraints will be ignored for synthesis but will be used in implementation. Impacted constraints are listed in the file [.Xil/pong_propImpl.xdc].
Resolution: To avoid this warning, move constraints listed in [.Xil/pong_propImpl.xdc] to another XDC file and exclude this new file from synthesis with the used_in_synthesis property (File Properties dialog in GUI) and re-run elaboration/synthesis.
INFO: [Timing 38-2] Deriving generated clocks
Completed Processing XDC Constraints

Netlist sorting complete. Time (s): cpu = 00:00:00 ; elapsed = 00:00:00.001 . Memory (MB): peak = 1260.039 ; gain = 0.000
INFO: [Project 1-111] Unisim Transformation Summary:
No Unisim elements were transformed.

Constraint Validation Runtime : Time (s): cpu = 00:00:00 ; elapsed = 00:00:00.017 . Memory (MB): peak = 1260.039 ; gain = 0.000
---------------------------------------------------------------------------------
Finished Constraint Validation : Time (s): cpu = 00:01:01 ; elapsed = 00:01:20 . Memory (MB): peak = 1260.039 ; gain = 68.953
---------------------------------------------------------------------------------
---------------------------------------------------------------------------------
Start Loading Part and Timing Information
---------------------------------------------------------------------------------
Loading part: xc7a50ticsg324-1L
---------------------------------------------------------------------------------
Finished Loading Part and Timing Information : Time (s): cpu = 00:01:01 ; elapsed = 00:01:20 . Memory (MB): peak = 1260.039 ; gain = 68.953
---------------------------------------------------------------------------------
---------------------------------------------------------------------------------
Start Applying 'set_property' XDC Constraints
---------------------------------------------------------------------------------
---------------------------------------------------------------------------------
Finished applying 'set_property' XDC Constraints : Time (s): cpu = 00:01:01 ; elapsed = 00:01:20 . Memory (MB): peak = 1260.039 ; gain = 68.953
---------------------------------------------------------------------------------
---------------------------------------------------------------------------------
Finished RTL Optimization Phase 2 : Time (s): cpu = 00:01:02 ; elapsed = 00:01:21 . Memory (MB): peak = 1260.039 ; gain = 68.953
---------------------------------------------------------------------------------
---------------------------------------------------------------------------------
Start RTL Component Statistics 
---------------------------------------------------------------------------------
Detailed RTL Component Info : 
+---Adders : 
	   2 Input   12 Bit       Adders := 2     
	   2 Input   11 Bit       Adders := 10    
	   3 Input   11 Bit       Adders := 3     
	   2 Input   10 Bit       Adders := 2     
	   2 Input    6 Bit       Adders := 1     
+---Registers : 
	               16 Bit    Registers := 1     
	               12 Bit    Registers := 4     
	               11 Bit    Registers := 8     
	               10 Bit    Registers := 1     
	                5 Bit    Registers := 1     
	                4 Bit    Registers := 3     
	                1 Bit    Registers := 4     
+---Muxes : 
	   2 Input   11 Bit        Muxes := 8     
	   3 Input   11 Bit        Muxes := 1     
	   5 Input    8 Bit        Muxes := 1     
	   2 Input    4 Bit        Muxes := 4     
	   4 Input    4 Bit        Muxes := 1     
	   2 Input    1 Bit        Muxes := 6     
---------------------------------------------------------------------------------
Finished RTL Component Statistics 
---------------------------------------------------------------------------------
---------------------------------------------------------------------------------
Start Part Resource Summary
---------------------------------------------------------------------------------
Part Resources:
DSPs: 120 (col length:60)
BRAMs: 150 (col length: RAMB18 60 RAMB36 30)
---------------------------------------------------------------------------------
Finished Part Resource Summary
---------------------------------------------------------------------------------
---------------------------------------------------------------------------------
Start Cross Boundary and Area Optimization
---------------------------------------------------------------------------------
WARNING: [Synth 8-7080] Parallel synthesis criteria is not met
DSP Report: Generating DSP add_bb/multOp, operation Mode is: A*B.
DSP Report: operator add_bb/multOp is absorbed into DSP add_bb/multOp.
DSP Report: Generating DSP add_bb/plusOp, operation Mode is: PCIN+A*B.
DSP Report: operator add_bb/plusOp is absorbed into DSP add_bb/plusOp.
DSP Report: operator add_bb/multOp is absorbed into DSP add_bb/plusOp.
WARNING: [Synth 8-3917] design pong has port SEG7_anode[7] driven by constant 1
WARNING: [Synth 8-3917] design pong has port SEG7_anode[6] driven by constant 1
WARNING: [Synth 8-3917] design pong has port SEG7_anode[5] driven by constant 1
WARNING: [Synth 8-3917] design pong has port SEG7_anode[4] driven by constant 1
WARNING: [Synth 8-7129] Port ADC_SDATA1 in module pong is either unconnected or has no load
---------------------------------------------------------------------------------
Finished Cross Boundary and Area Optimization : Time (s): cpu = 00:01:15 ; elapsed = 00:01:35 . Memory (MB): peak = 1260.039 ; gain = 68.953
---------------------------------------------------------------------------------
---------------------------------------------------------------------------------
Start ROM, RAM, DSP, Shift Register and Retiming Reporting
---------------------------------------------------------------------------------

DSP: Preliminary Mapping Report (see note below. The ' indicates corresponding REG is set)
+------------+-------------+--------+--------+--------+--------+--------+------+------+------+------+-------+------+------+
|Module Name | DSP Mapping | A Size | B Size | C Size | D Size | P Size | AREG | BREG | CREG | DREG | ADREG | MREG | PREG | 
+------------+-------------+--------+--------+--------+--------+--------+------+------+------+------+-------+------+------+
|bat_n_ball  | A*B         | 11     | 11     | -      | -      | 22     | 0    | 0    | -    | -    | -     | 0    | 0    | 
|bat_n_ball  | PCIN+A*B    | 11     | 11     | -      | -      | 22     | 0    | 0    | -    | -    | -     | 0    | 0    | 
+------------+-------------+--------+--------+--------+--------+--------+------+------+------+------+-------+------+------+

Note: The table above is a preliminary report that shows the DSPs inferred at the current stage of the synthesis flow. Some DSP may be reimplemented as non DSP primitives later in the synthesis flow. Multiple instantiated DSPs are reported only once.
---------------------------------------------------------------------------------
Finished ROM, RAM, DSP, Shift Register and Retiming Reporting
---------------------------------------------------------------------------------
---------------------------------------------------------------------------------
Start Applying XDC Timing Constraints
---------------------------------------------------------------------------------
---------------------------------------------------------------------------------
Finished Applying XDC Timing Constraints : Time (s): cpu = 00:02:13 ; elapsed = 00:02:37 . Memory (MB): peak = 1260.039 ; gain = 68.953
---------------------------------------------------------------------------------
---------------------------------------------------------------------------------
Start Timing Optimization
---------------------------------------------------------------------------------
---------------------------------------------------------------------------------
Finished Timing Optimization : Time (s): cpu = 00:02:14 ; elapsed = 00:02:38 . Memory (MB): peak = 1260.039 ; gain = 68.953
---------------------------------------------------------------------------------
---------------------------------------------------------------------------------
Start Technology Mapping
---------------------------------------------------------------------------------
---------------------------------------------------------------------------------
Finished Technology Mapping : Time (s): cpu = 00:02:15 ; elapsed = 00:02:39 . Memory (MB): peak = 1262.785 ; gain = 71.699
---------------------------------------------------------------------------------
---------------------------------------------------------------------------------
Start IO Insertion
---------------------------------------------------------------------------------
---------------------------------------------------------------------------------
Start Flattening Before IO Insertion
---------------------------------------------------------------------------------
---------------------------------------------------------------------------------
Finished Flattening Before IO Insertion
---------------------------------------------------------------------------------
---------------------------------------------------------------------------------
Start Final Netlist Cleanup
---------------------------------------------------------------------------------
---------------------------------------------------------------------------------
Finished Final Netlist Cleanup
---------------------------------------------------------------------------------
---------------------------------------------------------------------------------
Finished IO Insertion : Time (s): cpu = 00:02:41 ; elapsed = 00:03:07 . Memory (MB): peak = 1262.785 ; gain = 71.699
---------------------------------------------------------------------------------
---------------------------------------------------------------------------------
Start Renaming Generated Instances
---------------------------------------------------------------------------------
---------------------------------------------------------------------------------
Finished Renaming Generated Instances : Time (s): cpu = 00:02:41 ; elapsed = 00:03:07 . Memory (MB): peak = 1262.785 ; gain = 71.699
---------------------------------------------------------------------------------
---------------------------------------------------------------------------------
Start Rebuilding User Hierarchy
---------------------------------------------------------------------------------
---------------------------------------------------------------------------------
Finished Rebuilding User Hierarchy : Time (s): cpu = 00:02:42 ; elapsed = 00:03:07 . Memory (MB): peak = 1262.785 ; gain = 71.699
---------------------------------------------------------------------------------
---------------------------------------------------------------------------------
Start Renaming Generated Ports
---------------------------------------------------------------------------------
---------------------------------------------------------------------------------
Finished Renaming Generated Ports : Time (s): cpu = 00:02:42 ; elapsed = 00:03:07 . Memory (MB): peak = 1262.785 ; gain = 71.699
---------------------------------------------------------------------------------
---------------------------------------------------------------------------------
Start Handling Custom Attributes
---------------------------------------------------------------------------------
---------------------------------------------------------------------------------
Finished Handling Custom Attributes : Time (s): cpu = 00:02:42 ; elapsed = 00:03:07 . Memory (MB): peak = 1262.785 ; gain = 71.699
---------------------------------------------------------------------------------
---------------------------------------------------------------------------------
Start Renaming Generated Nets
---------------------------------------------------------------------------------
---------------------------------------------------------------------------------
Finished Renaming Generated Nets : Time (s): cpu = 00:02:42 ; elapsed = 00:03:07 . Memory (MB): peak = 1262.785 ; gain = 71.699
---------------------------------------------------------------------------------
---------------------------------------------------------------------------------
Start ROM, RAM, DSP, Shift Register and Retiming Reporting
---------------------------------------------------------------------------------

Static Shift Register Report:
+------------+-------------------+--------+-------+--------------+--------------------+-------------------+--------+---------+
|Module Name | RTL Name          | Length | Width | Reset Signal | Pull out first Reg | Pull out last Reg | SRL16E | SRLC32E | 
+------------+-------------------+--------+-------+--------------+--------------------+-------------------+--------+---------+
|pong        | adc/pdata2_reg[3] | 4      | 1     | NO           | YES                | YES               | 1      | 0       | 
+------------+-------------------+--------+-------+--------------+--------------------+-------------------+--------+---------+

---------------------------------------------------------------------------------
Finished ROM, RAM, DSP, Shift Register and Retiming Reporting
---------------------------------------------------------------------------------
---------------------------------------------------------------------------------
Start Writing Synthesis Report
---------------------------------------------------------------------------------

Report BlackBoxes: 
+-+--------------+----------+
| |BlackBox name |Instances |
+-+--------------+----------+
+-+--------------+----------+

Report Cell Usage: 
+------+-----------+------+
|      |Cell       |Count |
+------+-----------+------+
|1     |BUFG       |     4|
|2     |CARRY4     |    44|
|3     |DSP48E1    |     2|
|4     |LUT1       |    21|
|5     |LUT2       |   107|
|6     |LUT3       |    40|
|7     |LUT4       |    78|
|8     |LUT5       |    26|
|9     |LUT6       |    45|
|10    |MMCME2_ADV |     1|
|11    |MUXF7      |     1|
|12    |SRL16E     |     1|
|13    |FDRE       |   156|
|14    |FDSE       |     7|
|15    |IBUF       |     8|
|16    |OBUF       |    31|
+------+-----------+------+
---------------------------------------------------------------------------------
Finished Writing Synthesis Report : Time (s): cpu = 00:02:42 ; elapsed = 00:03:07 . Memory (MB): peak = 1262.785 ; gain = 71.699
---------------------------------------------------------------------------------
Synthesis finished with 0 errors, 0 critical warnings and 6 warnings.
Synthesis Optimization Runtime : Time (s): cpu = 00:01:59 ; elapsed = 00:02:58 . Memory (MB): peak = 1262.785 ; gain = 2.746
Synthesis Optimization Complete : Time (s): cpu = 00:02:42 ; elapsed = 00:03:08 . Memory (MB): peak = 1262.785 ; gain = 71.699
INFO: [Project 1-571] Translating synthesized netlist
Netlist sorting complete. Time (s): cpu = 00:00:00 ; elapsed = 00:00:00.054 . Memory (MB): peak = 1262.785 ; gain = 0.000
INFO: [Netlist 29-17] Analyzing 48 Unisim elements for replacement
INFO: [Netlist 29-28] Unisim Transformation completed in 0 CPU seconds
INFO: [Project 1-570] Preparing netlist for logic optimization
INFO: [Opt 31-138] Pushed 0 inverter(s) to 0 load pin(s).
Netlist sorting complete. Time (s): cpu = 00:00:00 ; elapsed = 00:00:00 . Memory (MB): peak = 1280.180 ; gain = 0.000
INFO: [Project 1-111] Unisim Transformation Summary:
No Unisim elements were transformed.

Synth Design complete, checksum: d2f944f3
INFO: [Common 17-83] Releasing license: Synthesis
41 Infos, 14 Warnings, 0 Critical Warnings and 0 Errors encountered.
synth_design completed successfully
synth_design: Time (s): cpu = 00:02:58 ; elapsed = 00:03:27 . Memory (MB): peak = 1280.180 ; gain = 89.094
INFO: [Common 17-1381] The checkpoint 'C:/Users/joeyp/vivado_projects/pong_1/pong_1.runs/synth_1/pong.dcp' has been generated.
INFO: [runtcl-4] Executing : report_utilization -file pong_utilization_synth.rpt -pb pong_utilization_synth.pb
INFO: [Common 17-206] Exiting Vivado at Tue Apr 19 13:47:18 2022...
