Copyright 1986-2021 Xilinx, Inc. All Rights Reserved.
------------------------------------------------------------------------------------
| Tool Version : Vivado v.2021.2 (win64) Build 3367213 Tue Oct 19 02:48:09 MDT 2021
| Date         : Sat May 14 19:05:55 2022
| Host         : DESKTOP-MDDE28I running 64-bit major release  (build 9200)
| Command      : report_control_sets -verbose -file pong_control_sets_placed.rpt
| Design       : pong
| Device       : xc7a50ti
------------------------------------------------------------------------------------

Control Set Information

Table of Contents
-----------------
1. Summary
2. Histogram
3. Flip-Flop Distribution
4. Detailed Control Set Information

1. Summary
----------

+----------------------------------------------------------+-------+
|                          Status                          | Count |
+----------------------------------------------------------+-------+
| Total control sets                                       |    14 |
|    Minimum number of control sets                        |    14 |
|    Addition due to synthesis replication                 |     0 |
|    Addition due to physical synthesis replication        |     0 |
| Unused register locations in slices containing registers |    60 |
+----------------------------------------------------------+-------+
* Control sets can be merged at opt_design using control_set_merge or merge_equivalent_drivers
** Run report_qor_suggestions for automated merging and remapping suggestions


2. Histogram
------------

+--------------------+-------+
|       Fanout       | Count |
+--------------------+-------+
| Total control sets |    14 |
| >= 0 to < 4        |     2 |
| >= 4 to < 6        |     1 |
| >= 6 to < 8        |     2 |
| >= 8 to < 10       |     1 |
| >= 10 to < 12      |     3 |
| >= 12 to < 14      |     0 |
| >= 14 to < 16      |     1 |
| >= 16              |     4 |
+--------------------+-------+
* Control sets can be remapped at either synth_design or opt_design


3. Flip-Flop Distribution
-------------------------

+--------------+-----------------------+------------------------+-----------------+--------------+
| Clock Enable | Synchronous Set/Reset | Asynchronous Set/Reset | Total Registers | Total Slices |
+--------------+-----------------------+------------------------+-----------------+--------------+
| No           | No                    | No                     |              79 |           30 |
| No           | No                    | Yes                    |               0 |            0 |
| No           | Yes                   | No                     |              34 |           14 |
| Yes          | No                    | No                     |              60 |           22 |
| Yes          | No                    | Yes                    |               0 |            0 |
| Yes          | Yes                   | No                     |              23 |            7 |
+--------------+-----------------------+------------------------+-----------------+--------------+


4. Detailed Control Set Information
-----------------------------------

+-----------------------------+-------------------+-------------------------------+------------------+----------------+--------------+
|         Clock Signal        |   Enable Signal   |        Set/Reset Signal       | Slice Load Count | Bel Load Count | Bels / Slice |
+-----------------------------+-------------------+-------------------------------+------------------+----------------+--------------+
|  clk_wiz_0_inst/U0/clk_out1 |                   | vga_driver/hsync0             |                1 |              1 |         1.00 |
|  clk_wiz_0_inst/U0/clk_out1 | vga_driver/eqOp   |                               |                1 |              2 |         2.00 |
|  VGA_vsync_OBUF_BUFG        |                   | add_bb/scorecount2            |                2 |              5 |         2.50 |
|  VGA_vsync_OBUF_BUFG        |                   | add_bb/ball_y[10]_i_1_n_0     |                3 |              6 |         2.00 |
|  VGA_vsync_OBUF_BUFG        |                   |                               |                4 |              7 |         1.75 |
|  clk_wiz_0_inst/U0/clk_out1 | vga_driver/eqOp   | vga_driver/v_cnt0             |                2 |              9 |         4.50 |
|  clk_in_IBUF_BUFG           |                   |                               |                3 |             10 |         3.33 |
|  clk_wiz_0_inst/U0/clk_out1 |                   | vga_driver/clear              |                5 |             11 |         2.20 |
|  VGA_vsync_OBUF_BUFG        |                   | add_bb/ball_x_reg[10]_i_1_n_4 |                3 |             11 |         3.67 |
|  VGA_vsync_OBUF_BUFG        | add_bb/scorecount | add_bb/scorecount[15]_i_1_n_0 |                5 |             14 |         2.80 |
|  VGA_vsync_OBUF_BUFG        | add_bb/scorecount |                               |                7 |             18 |         2.57 |
|  clk_wiz_0_inst/U0/clk_out1 |                   |                               |               11 |             26 |         2.36 |
|  ADC_CS_4_OBUF_BUFG         |                   |                               |               12 |             36 |         3.00 |
|  count_reg_BUFG[4]          | adc/p_0_in        |                               |               14 |             44 |         3.14 |
+-----------------------------+-------------------+-------------------------------+------------------+----------------+--------------+


